<?xml version="1.0" encoding="UTF-8"?>
<testsuite name="hello.core.autowired.AutowiredTest" tests="1" skipped="0" failures="0" errors="0" timestamp="2023-03-10T11:13:06" hostname="haebin-ui-MacBook.local" time="0.01">
  <properties/>
  <testcase name="AutowiredOption()" classname="hello.core.autowired.AutowiredTest" time="0.01"/>
  <system-out><![CDATA[noBean2 = null
noBean3 = Optional.empty
]]></system-out>
  <system-err><![CDATA[]]></system-err>
</testsuite>
